May 08, 2021 4:52:32 PM com.example.ErlTorrent.PeerLogger genTCPConnLogSender
INFO: [08-May-2021 04:52:32 PM]: Peer [507f1f77bcf86cd799439011] makes a connection to Peer [507f191e810c19729de860ea].
May 08, 2021 4:52:32 PM com.example.ErlTorrent.PeerLogger genTCPConnLogSender
INFO: [08-May-2021 04:52:32 PM]: Peer [507f1f77bcf86cd799439011] makes a connection to Peer [507f191e810c19729de73c01].
May 08, 2021 4:52:32 PM com.example.ErlTorrent.PeerLogger downloadPiece
INFO: [08-May-2021 04:52:32 PM]: Peer [507f1f77bcf86cd799439011] has downloaded the piece [0] from [507f191e810c19729de860ea]. Now the number of pieces it has is [1].
May 08, 2021 4:52:32 PM com.example.ErlTorrent.PeerLogger downloadPiece
INFO: [08-May-2021 04:52:32 PM]: Peer [507f1f77bcf86cd799439011] has downloaded the piece [1] from [507f191e810c19729de73c01]. Now the number of pieces it has is [2].
May 08, 2021 4:52:32 PM com.example.ErlTorrent.PeerLogger downloadPiece
INFO: [08-May-2021 04:52:32 PM]: Peer [507f1f77bcf86cd799439011] has downloaded the piece [2] from [507f191e810c19729de860ea]. Now the number of pieces it has is [3].
May 08, 2021 4:52:32 PM com.example.ErlTorrent.PeerLogger downloadPiece
INFO: [08-May-2021 04:52:32 PM]: Peer [507f1f77bcf86cd799439011] has downloaded the piece [3] from [507f191e810c19729de73c01]. Now the number of pieces it has is [4].
May 08, 2021 4:52:32 PM com.example.ErlTorrent.PeerLogger downloadPiece
INFO: [08-May-2021 04:52:32 PM]: Peer [507f1f77bcf86cd799439011] has downloaded the piece [4] from [507f191e810c19729de860ea]. Now the number of pieces it has is [5].
May 08, 2021 4:52:32 PM com.example.ErlTorrent.PeerLogger downloadPiece
INFO: [08-May-2021 04:52:32 PM]: Peer [507f1f77bcf86cd799439011] has downloaded the piece [6] from [507f191e810c19729de860ea]. Now the number of pieces it has is [6].
May 08, 2021 4:52:32 PM com.example.ErlTorrent.PeerLogger downloadPiece
INFO: [08-May-2021 04:52:32 PM]: Peer [507f1f77bcf86cd799439011] has downloaded the piece [5] from [507f191e810c19729de73c01]. Now the number of pieces it has is [7].
May 08, 2021 4:52:32 PM com.example.ErlTorrent.PeerLogger downloadPiece
INFO: [08-May-2021 04:52:32 PM]: Peer [507f1f77bcf86cd799439011] has downloaded the piece [7] from [507f191e810c19729de860ea]. Now the number of pieces it has is [8].
May 08, 2021 4:52:32 PM com.example.ErlTorrent.PeerLogger downloadPiece
INFO: [08-May-2021 04:52:32 PM]: Peer [507f1f77bcf86cd799439011] has downloaded the piece [8] from [507f191e810c19729de73c01]. Now the number of pieces it has is [9].
May 08, 2021 4:52:32 PM com.example.ErlTorrent.PeerLogger downloadPiece
INFO: [08-May-2021 04:52:32 PM]: Peer [507f1f77bcf86cd799439011] has downloaded the piece [10] from [507f191e810c19729de73c01]. Now the number of pieces it has is [10].
May 08, 2021 4:52:32 PM com.example.ErlTorrent.PeerLogger downloadPiece
INFO: [08-May-2021 04:52:32 PM]: Peer [507f1f77bcf86cd799439011] has downloaded the piece [9] from [507f191e810c19729de860ea]. Now the number of pieces it has is [11].
May 08, 2021 4:52:32 PM com.example.ErlTorrent.PeerLogger downloadPiece
INFO: [08-May-2021 04:52:32 PM]: Peer [507f1f77bcf86cd799439011] has downloaded the piece [11] from [507f191e810c19729de73c01]. Now the number of pieces it has is [12].
May 08, 2021 4:52:32 PM com.example.ErlTorrent.PeerLogger downloadPiece
INFO: [08-May-2021 04:52:32 PM]: Peer [507f1f77bcf86cd799439011] has downloaded the piece [12] from [507f191e810c19729de860ea]. Now the number of pieces it has is [13].
May 08, 2021 4:52:32 PM com.example.ErlTorrent.PeerLogger downloadPiece
INFO: [08-May-2021 04:52:32 PM]: Peer [507f1f77bcf86cd799439011] has downloaded the piece [14] from [507f191e810c19729de860ea]. Now the number of pieces it has is [14].
May 08, 2021 4:52:32 PM com.example.ErlTorrent.PeerLogger downloadPiece
INFO: [08-May-2021 04:52:32 PM]: Peer [507f1f77bcf86cd799439011] has downloaded the piece [15] from [507f191e810c19729de860ea]. Now the number of pieces it has is [15].
May 08, 2021 4:52:32 PM com.example.ErlTorrent.PeerLogger downloadPiece
INFO: [08-May-2021 04:52:32 PM]: Peer [507f1f77bcf86cd799439011] has downloaded the piece [13] from [507f191e810c19729de73c01]. Now the number of pieces it has is [16].
May 08, 2021 4:52:32 PM com.example.ErlTorrent.PeerLogger downloadPiece
INFO: [08-May-2021 04:52:32 PM]: Peer [507f1f77bcf86cd799439011] has downloaded the piece [17] from [507f191e810c19729de73c01]. Now the number of pieces it has is [17].
May 08, 2021 4:52:32 PM com.example.ErlTorrent.PeerLogger downloadPiece
INFO: [08-May-2021 04:52:32 PM]: Peer [507f1f77bcf86cd799439011] has downloaded the piece [16] from [507f191e810c19729de860ea]. Now the number of pieces it has is [18].
May 08, 2021 4:52:32 PM com.example.ErlTorrent.PeerLogger downloadPiece
INFO: [08-May-2021 04:52:32 PM]: Peer [507f1f77bcf86cd799439011] has downloaded the piece [18] from [507f191e810c19729de73c01]. Now the number of pieces it has is [19].
May 08, 2021 4:52:32 PM com.example.ErlTorrent.PeerLogger downloadPiece
INFO: [08-May-2021 04:52:32 PM]: Peer [507f1f77bcf86cd799439011] has downloaded the piece [19] from [507f191e810c19729de860ea]. Now the number of pieces it has is [20].
May 08, 2021 4:52:32 PM com.example.ErlTorrent.PeerLogger downloadPiece
INFO: [08-May-2021 04:52:32 PM]: Peer [507f1f77bcf86cd799439011] has downloaded the piece [20] from [507f191e810c19729de73c01]. Now the number of pieces it has is [21].
May 08, 2021 4:52:32 PM com.example.ErlTorrent.PeerLogger downloadPiece
INFO: [08-May-2021 04:52:32 PM]: Peer [507f1f77bcf86cd799439011] has downloaded the piece [21] from [507f191e810c19729de860ea]. Now the number of pieces it has is [22].
May 08, 2021 4:52:32 PM com.example.ErlTorrent.PeerLogger downloadPiece
INFO: [08-May-2021 04:52:32 PM]: Peer [507f1f77bcf86cd799439011] has downloaded the piece [22] from [507f191e810c19729de73c01]. Now the number of pieces it has is [23].
May 08, 2021 4:52:32 PM com.example.ErlTorrent.PeerLogger downloadPiece
INFO: [08-May-2021 04:52:32 PM]: Peer [507f1f77bcf86cd799439011] has downloaded the piece [24] from [507f191e810c19729de73c01]. Now the number of pieces it has is [24].
May 08, 2021 4:52:32 PM com.example.ErlTorrent.PeerLogger downloadPiece
INFO: [08-May-2021 04:52:32 PM]: Peer [507f1f77bcf86cd799439011] has downloaded the piece [23] from [507f191e810c19729de860ea]. Now the number of pieces it has is [25].
May 08, 2021 4:52:33 PM com.example.ErlTorrent.PeerLogger downloadPiece
INFO: [08-May-2021 04:52:33 PM]: Peer [507f1f77bcf86cd799439011] has downloaded the piece [26] from [507f191e810c19729de860ea]. Now the number of pieces it has is [26].
May 08, 2021 4:52:33 PM com.example.ErlTorrent.PeerLogger downloadPiece
INFO: [08-May-2021 04:52:33 PM]: Peer [507f1f77bcf86cd799439011] has downloaded the piece [25] from [507f191e810c19729de73c01]. Now the number of pieces it has is [27].
May 08, 2021 4:52:33 PM com.example.ErlTorrent.PeerLogger downloadPiece
INFO: [08-May-2021 04:52:33 PM]: Peer [507f1f77bcf86cd799439011] has downloaded the piece [28] from [507f191e810c19729de73c01]. Now the number of pieces it has is [28].
May 08, 2021 4:52:33 PM com.example.ErlTorrent.PeerLogger downloadPiece
INFO: [08-May-2021 04:52:33 PM]: Peer [507f1f77bcf86cd799439011] has downloaded the piece [29] from [507f191e810c19729de73c01]. Now the number of pieces it has is [29].
May 08, 2021 4:52:33 PM com.example.ErlTorrent.PeerLogger downloadPiece
INFO: [08-May-2021 04:52:33 PM]: Peer [507f1f77bcf86cd799439011] has downloaded the piece [27] from [507f191e810c19729de860ea]. Now the number of pieces it has is [30].
May 08, 2021 4:52:33 PM com.example.ErlTorrent.PeerLogger downloadPiece
INFO: [08-May-2021 04:52:33 PM]: Peer [507f1f77bcf86cd799439011] has downloaded the piece [30] from [507f191e810c19729de73c01]. Now the number of pieces it has is [31].
May 08, 2021 4:52:33 PM com.example.ErlTorrent.PeerLogger downloadPiece
INFO: [08-May-2021 04:52:33 PM]: Peer [507f1f77bcf86cd799439011] has downloaded the piece [31] from [507f191e810c19729de860ea]. Now the number of pieces it has is [32].
May 08, 2021 4:52:33 PM com.example.ErlTorrent.PeerLogger downloadPiece
INFO: [08-May-2021 04:52:33 PM]: Peer [507f1f77bcf86cd799439011] has downloaded the piece [32] from [507f191e810c19729de73c01]. Now the number of pieces it has is [33].
May 08, 2021 4:52:33 PM com.example.ErlTorrent.PeerLogger downloadPiece
INFO: [08-May-2021 04:52:33 PM]: Peer [507f1f77bcf86cd799439011] has downloaded the piece [34] from [507f191e810c19729de73c01]. Now the number of pieces it has is [34].
May 08, 2021 4:52:33 PM com.example.ErlTorrent.PeerLogger downloadPiece
INFO: [08-May-2021 04:52:33 PM]: Peer [507f1f77bcf86cd799439011] has downloaded the piece [35] from [507f191e810c19729de73c01]. Now the number of pieces it has is [35].
May 08, 2021 4:52:33 PM com.example.ErlTorrent.PeerLogger downloadPiece
INFO: [08-May-2021 04:52:33 PM]: Peer [507f1f77bcf86cd799439011] has downloaded the piece [33] from [507f191e810c19729de860ea]. Now the number of pieces it has is [36].
May 08, 2021 4:52:33 PM com.example.ErlTorrent.PeerLogger downloadPiece
INFO: [08-May-2021 04:52:33 PM]: Peer [507f1f77bcf86cd799439011] has downloaded the piece [37] from [507f191e810c19729de860ea]. Now the number of pieces it has is [37].
May 08, 2021 4:52:33 PM com.example.ErlTorrent.PeerLogger downloadPiece
INFO: [08-May-2021 04:52:33 PM]: Peer [507f1f77bcf86cd799439011] has downloaded the piece [38] from [507f191e810c19729de860ea]. Now the number of pieces it has is [38].
May 08, 2021 4:52:33 PM com.example.ErlTorrent.PeerLogger downloadPiece
INFO: [08-May-2021 04:52:33 PM]: Peer [507f1f77bcf86cd799439011] has downloaded the piece [36] from [507f191e810c19729de73c01]. Now the number of pieces it has is [39].
May 08, 2021 4:52:33 PM com.example.ErlTorrent.PeerLogger downloadPiece
INFO: [08-May-2021 04:52:33 PM]: Peer [507f1f77bcf86cd799439011] has downloaded the piece [39] from [507f191e810c19729de860ea]. Now the number of pieces it has is [40].
May 08, 2021 4:52:33 PM com.example.ErlTorrent.PeerLogger downloadPiece
INFO: [08-May-2021 04:52:33 PM]: Peer [507f1f77bcf86cd799439011] has downloaded the piece [40] from [507f191e810c19729de73c01]. Now the number of pieces it has is [41].
May 08, 2021 4:52:33 PM com.example.ErlTorrent.PeerLogger downloadPiece
INFO: [08-May-2021 04:52:33 PM]: Peer [507f1f77bcf86cd799439011] has downloaded the piece [42] from [507f191e810c19729de73c01]. Now the number of pieces it has is [42].
May 08, 2021 4:52:33 PM com.example.ErlTorrent.PeerLogger downloadPiece
INFO: [08-May-2021 04:52:33 PM]: Peer [507f1f77bcf86cd799439011] has downloaded the piece [41] from [507f191e810c19729de860ea]. Now the number of pieces it has is [43].
May 08, 2021 4:52:33 PM com.example.ErlTorrent.PeerLogger downloadPiece
INFO: [08-May-2021 04:52:33 PM]: Peer [507f1f77bcf86cd799439011] has downloaded the piece [44] from [507f191e810c19729de860ea]. Now the number of pieces it has is [44].
May 08, 2021 4:52:33 PM com.example.ErlTorrent.PeerLogger downloadPiece
INFO: [08-May-2021 04:52:33 PM]: Peer [507f1f77bcf86cd799439011] has downloaded the piece [45] from [507f191e810c19729de860ea]. Now the number of pieces it has is [45].
May 08, 2021 4:52:33 PM com.example.ErlTorrent.PeerLogger downloadPiece
INFO: [08-May-2021 04:52:33 PM]: Peer [507f1f77bcf86cd799439011] has downloaded the piece [46] from [507f191e810c19729de860ea]. Now the number of pieces it has is [46].
May 08, 2021 4:52:33 PM com.example.ErlTorrent.PeerLogger downloadPiece
INFO: [08-May-2021 04:52:33 PM]: Peer [507f1f77bcf86cd799439011] has downloaded the piece [47] from [507f191e810c19729de860ea]. Now the number of pieces it has is [47].
May 08, 2021 4:52:33 PM com.example.ErlTorrent.PeerLogger downloadPiece
INFO: [08-May-2021 04:52:33 PM]: Peer [507f1f77bcf86cd799439011] has downloaded the piece [43] from [507f191e810c19729de73c01]. Now the number of pieces it has is [48].
May 08, 2021 4:52:33 PM com.example.ErlTorrent.PeerLogger downloadPiece
INFO: [08-May-2021 04:52:33 PM]: Peer [507f1f77bcf86cd799439011] has downloaded the piece [48] from [507f191e810c19729de860ea]. Now the number of pieces it has is [49].
May 08, 2021 4:52:33 PM com.example.ErlTorrent.PeerLogger downloadPiece
INFO: [08-May-2021 04:52:33 PM]: Peer [507f1f77bcf86cd799439011] has downloaded the piece [49] from [507f191e810c19729de73c01]. Now the number of pieces it has is [50].
May 08, 2021 4:52:33 PM com.example.ErlTorrent.PeerLogger downloadPiece
INFO: [08-May-2021 04:52:33 PM]: Peer [507f1f77bcf86cd799439011] has downloaded the piece [51] from [507f191e810c19729de73c01]. Now the number of pieces it has is [51].
May 08, 2021 4:52:33 PM com.example.ErlTorrent.PeerLogger downloadPiece
INFO: [08-May-2021 04:52:33 PM]: Peer [507f1f77bcf86cd799439011] has downloaded the piece [50] from [507f191e810c19729de860ea]. Now the number of pieces it has is [52].
May 08, 2021 4:52:33 PM com.example.ErlTorrent.PeerLogger downloadPiece
INFO: [08-May-2021 04:52:33 PM]: Peer [507f1f77bcf86cd799439011] has downloaded the piece [52] from [507f191e810c19729de73c01]. Now the number of pieces it has is [53].
May 08, 2021 4:52:33 PM com.example.ErlTorrent.PeerLogger downloadPiece
INFO: [08-May-2021 04:52:33 PM]: Peer [507f1f77bcf86cd799439011] has downloaded the piece [54] from [507f191e810c19729de73c01]. Now the number of pieces it has is [54].
May 08, 2021 4:52:33 PM com.example.ErlTorrent.PeerLogger downloadPiece
INFO: [08-May-2021 04:52:33 PM]: Peer [507f1f77bcf86cd799439011] has downloaded the piece [53] from [507f191e810c19729de860ea]. Now the number of pieces it has is [55].
May 08, 2021 4:52:33 PM com.example.ErlTorrent.PeerLogger downloadPiece
INFO: [08-May-2021 04:52:33 PM]: Peer [507f1f77bcf86cd799439011] has downloaded the piece [56] from [507f191e810c19729de860ea]. Now the number of pieces it has is [56].
May 08, 2021 4:52:33 PM com.example.ErlTorrent.PeerLogger downloadPiece
INFO: [08-May-2021 04:52:33 PM]: Peer [507f1f77bcf86cd799439011] has downloaded the piece [57] from [507f191e810c19729de860ea]. Now the number of pieces it has is [57].
May 08, 2021 4:52:33 PM com.example.ErlTorrent.PeerLogger downloadPiece
INFO: [08-May-2021 04:52:33 PM]: Peer [507f1f77bcf86cd799439011] has downloaded the piece [58] from [507f191e810c19729de860ea]. Now the number of pieces it has is [58].
May 08, 2021 4:52:33 PM com.example.ErlTorrent.PeerLogger downloadPiece
INFO: [08-May-2021 04:52:33 PM]: Peer [507f1f77bcf86cd799439011] has downloaded the piece [55] from [507f191e810c19729de73c01]. Now the number of pieces it has is [59].
May 08, 2021 4:52:33 PM com.example.ErlTorrent.PeerLogger downloadPiece
INFO: [08-May-2021 04:52:33 PM]: Peer [507f1f77bcf86cd799439011] has downloaded the piece [59] from [507f191e810c19729de860ea]. Now the number of pieces it has is [60].
May 08, 2021 4:52:33 PM com.example.ErlTorrent.PeerLogger downloadPiece
INFO: [08-May-2021 04:52:33 PM]: Peer [507f1f77bcf86cd799439011] has downloaded the piece [60] from [507f191e810c19729de73c01]. Now the number of pieces it has is [61].
May 08, 2021 4:52:33 PM com.example.ErlTorrent.PeerLogger downloadPiece
INFO: [08-May-2021 04:52:33 PM]: Peer [507f1f77bcf86cd799439011] has downloaded the piece [62] from [507f191e810c19729de73c01]. Now the number of pieces it has is [62].
May 08, 2021 4:52:33 PM com.example.ErlTorrent.PeerLogger downloadPiece
INFO: [08-May-2021 04:52:33 PM]: Peer [507f1f77bcf86cd799439011] has downloaded the piece [63] from [507f191e810c19729de73c01]. Now the number of pieces it has is [63].
May 08, 2021 4:52:33 PM com.example.ErlTorrent.PeerLogger downloadPiece
INFO: [08-May-2021 04:52:33 PM]: Peer [507f1f77bcf86cd799439011] has downloaded the piece [61] from [507f191e810c19729de860ea]. Now the number of pieces it has is [64].
May 08, 2021 4:52:33 PM com.example.ErlTorrent.PeerLogger downloadPiece
INFO: [08-May-2021 04:52:33 PM]: Peer [507f1f77bcf86cd799439011] has downloaded the piece [65] from [507f191e810c19729de860ea]. Now the number of pieces it has is [65].
May 08, 2021 4:52:33 PM com.example.ErlTorrent.PeerLogger downloadPiece
INFO: [08-May-2021 04:52:33 PM]: Peer [507f1f77bcf86cd799439011] has downloaded the piece [64] from [507f191e810c19729de73c01]. Now the number of pieces it has is [66].
May 08, 2021 4:52:33 PM com.example.ErlTorrent.PeerLogger downloadPiece
INFO: [08-May-2021 04:52:33 PM]: Peer [507f1f77bcf86cd799439011] has downloaded the piece [67] from [507f191e810c19729de73c01]. Now the number of pieces it has is [67].
May 08, 2021 4:52:33 PM com.example.ErlTorrent.PeerLogger downloadPiece
INFO: [08-May-2021 04:52:33 PM]: Peer [507f1f77bcf86cd799439011] has downloaded the piece [68] from [507f191e810c19729de73c01]. Now the number of pieces it has is [68].
May 08, 2021 4:52:33 PM com.example.ErlTorrent.PeerLogger downloadPiece
INFO: [08-May-2021 04:52:33 PM]: Peer [507f1f77bcf86cd799439011] has downloaded the piece [66] from [507f191e810c19729de860ea]. Now the number of pieces it has is [69].
May 08, 2021 4:52:33 PM com.example.ErlTorrent.PeerLogger downloadPiece
INFO: [08-May-2021 04:52:33 PM]: Peer [507f1f77bcf86cd799439011] has downloaded the piece [70] from [507f191e810c19729de860ea]. Now the number of pieces it has is [70].
May 08, 2021 4:52:33 PM com.example.ErlTorrent.PeerLogger downloadPiece
INFO: [08-May-2021 04:52:33 PM]: Peer [507f1f77bcf86cd799439011] has downloaded the piece [71] from [507f191e810c19729de860ea]. Now the number of pieces it has is [71].
May 08, 2021 4:52:33 PM com.example.ErlTorrent.PeerLogger downloadPiece
INFO: [08-May-2021 04:52:33 PM]: Peer [507f1f77bcf86cd799439011] has downloaded the piece [72] from [507f191e810c19729de860ea]. Now the number of pieces it has is [72].
May 08, 2021 4:52:33 PM com.example.ErlTorrent.PeerLogger downloadPiece
INFO: [08-May-2021 04:52:33 PM]: Peer [507f1f77bcf86cd799439011] has downloaded the piece [73] from [507f191e810c19729de860ea]. Now the number of pieces it has is [73].
May 08, 2021 4:52:33 PM com.example.ErlTorrent.PeerLogger downloadPiece
INFO: [08-May-2021 04:52:33 PM]: Peer [507f1f77bcf86cd799439011] has downloaded the piece [74] from [507f191e810c19729de860ea]. Now the number of pieces it has is [74].
May 08, 2021 4:52:33 PM com.example.ErlTorrent.PeerLogger downloadPiece
INFO: [08-May-2021 04:52:33 PM]: Peer [507f1f77bcf86cd799439011] has downloaded the piece [75] from [507f191e810c19729de860ea]. Now the number of pieces it has is [75].
May 08, 2021 4:52:33 PM com.example.ErlTorrent.PeerLogger downloadPiece
INFO: [08-May-2021 04:52:33 PM]: Peer [507f1f77bcf86cd799439011] has downloaded the piece [76] from [507f191e810c19729de860ea]. Now the number of pieces it has is [76].
May 08, 2021 4:52:33 PM com.example.ErlTorrent.PeerLogger downloadPiece
INFO: [08-May-2021 04:52:33 PM]: Peer [507f1f77bcf86cd799439011] has downloaded the piece [69] from [507f191e810c19729de73c01]. Now the number of pieces it has is [77].
May 08, 2021 4:52:33 PM com.example.ErlTorrent.PeerLogger downloadPiece
INFO: [08-May-2021 04:52:33 PM]: Peer [507f1f77bcf86cd799439011] has downloaded the piece [78] from [507f191e810c19729de73c01]. Now the number of pieces it has is [78].
May 08, 2021 4:52:33 PM com.example.ErlTorrent.PeerLogger downloadPiece
INFO: [08-May-2021 04:52:33 PM]: Peer [507f1f77bcf86cd799439011] has downloaded the piece [79] from [507f191e810c19729de73c01]. Now the number of pieces it has is [79].
May 08, 2021 4:52:33 PM com.example.ErlTorrent.PeerLogger downloadPiece
INFO: [08-May-2021 04:52:33 PM]: Peer [507f1f77bcf86cd799439011] has downloaded the piece [80] from [507f191e810c19729de73c01]. Now the number of pieces it has is [80].
May 08, 2021 4:52:33 PM com.example.ErlTorrent.PeerLogger downloadPiece
INFO: [08-May-2021 04:52:33 PM]: Peer [507f1f77bcf86cd799439011] has downloaded the piece [81] from [507f191e810c19729de73c01]. Now the number of pieces it has is [81].
May 08, 2021 4:52:33 PM com.example.ErlTorrent.PeerLogger downloadPiece
INFO: [08-May-2021 04:52:33 PM]: Peer [507f1f77bcf86cd799439011] has downloaded the piece [82] from [507f191e810c19729de73c01]. Now the number of pieces it has is [82].
May 08, 2021 4:52:33 PM com.example.ErlTorrent.PeerLogger downloadPiece
INFO: [08-May-2021 04:52:33 PM]: Peer [507f1f77bcf86cd799439011] has downloaded the piece [77] from [507f191e810c19729de860ea]. Now the number of pieces it has is [83].
May 08, 2021 4:52:33 PM com.example.ErlTorrent.PeerLogger downloadComplete
INFO: [08-May-2021 04:52:33 PM]: Peer [507f1f77bcf86cd799439011] has downloaded the complete file.
